e:\github\sauerbraten\src\vcpp\debug\cube.pch
e:\github\sauerbraten\src\vcpp\debug\vc140.pdb
e:\github\sauerbraten\src\vcpp\debug\pch.obj
e:\github\sauerbraten\src\vcpp\debug\zip.obj
e:\github\sauerbraten\src\vcpp\debug\tools.obj
e:\github\sauerbraten\src\vcpp\debug\stream.obj
e:\github\sauerbraten\src\vcpp\debug\glemu.obj
e:\github\sauerbraten\src\vcpp\debug\geom.obj
e:\github\sauerbraten\src\vcpp\debug\crypto.obj
e:\github\sauerbraten\src\vcpp\debug\engine.pch
e:\github\sauerbraten\src\vcpp\debug\pch1.obj
e:\github\sauerbraten\src\vcpp\debug\game.pch
e:\github\sauerbraten\src\vcpp\debug\pch2.obj
e:\github\sauerbraten\src\vcpp\debug\octaedit.obj
e:\github\sauerbraten\src\vcpp\debug\octa.obj
e:\github\sauerbraten\src\vcpp\debug\normal.obj
e:\github\sauerbraten\src\vcpp\debug\movie.obj
e:\github\sauerbraten\src\vcpp\debug\menus.obj
e:\github\sauerbraten\src\vcpp\debug\material.obj
e:\github\sauerbraten\src\vcpp\debug\main.obj
e:\github\sauerbraten\src\vcpp\debug\lightmap.obj
e:\github\sauerbraten\src\vcpp\debug\grass.obj
e:\github\sauerbraten\src\vcpp\debug\glare.obj
e:\github\sauerbraten\src\vcpp\debug\dynlight.obj
e:\github\sauerbraten\src\vcpp\debug\decal.obj
e:\github\sauerbraten\src\vcpp\debug\cubeloader.obj
e:\github\sauerbraten\src\vcpp\debug\console.obj
e:\github\sauerbraten\src\vcpp\debug\command.obj
e:\github\sauerbraten\src\vcpp\debug\client.obj
e:\github\sauerbraten\src\vcpp\debug\blob.obj
e:\github\sauerbraten\src\vcpp\debug\blend.obj
e:\github\sauerbraten\src\vcpp\debug\bih.obj
e:\github\sauerbraten\src\vcpp\debug\3dgui.obj
e:\github\sauerbraten\src\vcpp\debug\worldio.obj
e:\github\sauerbraten\src\vcpp\debug\world.obj
e:\github\sauerbraten\src\vcpp\debug\water.obj
e:\github\sauerbraten\src\vcpp\debug\texture.obj
e:\github\sauerbraten\src\vcpp\debug\sound.obj
e:\github\sauerbraten\src\vcpp\debug\shadowmap.obj
e:\github\sauerbraten\src\vcpp\debug\shader.obj
e:\github\sauerbraten\src\vcpp\debug\serverbrowser.obj
e:\github\sauerbraten\src\vcpp\debug\server.obj
e:\github\sauerbraten\src\vcpp\debug\renderva.obj
e:\github\sauerbraten\src\vcpp\debug\rendertext.obj
e:\github\sauerbraten\src\vcpp\debug\rendersky.obj
e:\github\sauerbraten\src\vcpp\debug\renderparticles.obj
e:\github\sauerbraten\src\vcpp\debug\rendermodel.obj
e:\github\sauerbraten\src\vcpp\debug\rendergl.obj
e:\github\sauerbraten\src\vcpp\debug\pvs.obj
e:\github\sauerbraten\src\vcpp\debug\physics.obj
e:\github\sauerbraten\src\vcpp\debug\octarender.obj
e:\github\sauerbraten\src\vcpp\debug\weapon.obj
e:\github\sauerbraten\src\vcpp\debug\waypoint.obj
e:\github\sauerbraten\src\vcpp\debug\scoreboard.obj
e:\github\sauerbraten\src\vcpp\debug\render.obj
e:\github\sauerbraten\src\vcpp\debug\movable.obj
e:\github\sauerbraten\src\vcpp\debug\monster.obj
e:\github\sauerbraten\src\vcpp\debug\fps.obj
e:\github\sauerbraten\src\vcpp\debug\entities.obj
e:\github\sauerbraten\src\vcpp\debug\ai.obj
e:\github\sauerbraten\src\vcpp\debug\client1.obj
e:\github\sauerbraten\src\vcpp\debug\server1.obj
e:\github\sauerbraten\bin\sauerbraten_debug.ilk
e:\github\sauerbraten\bin\sauerbraten_debug.exe
e:\github\sauerbraten\bin\sauerbraten_debug.pdb
e:\github\sauerbraten\src\vcpp\debug\sauerbraten.res
e:\github\sauerbraten\src\vcpp\..\..\bin\sauerbraten_debug.exe
e:\github\sauerbraten\src\vcpp\debug\sauerbraten.tlog\cl.command.1.tlog
e:\github\sauerbraten\src\vcpp\debug\sauerbraten.tlog\cl.read.1.tlog
e:\github\sauerbraten\src\vcpp\debug\sauerbraten.tlog\cl.write.1.tlog
e:\github\sauerbraten\src\vcpp\debug\sauerbraten.tlog\link.command.1.tlog
e:\github\sauerbraten\src\vcpp\debug\sauerbraten.tlog\link.read.1.tlog
e:\github\sauerbraten\src\vcpp\debug\sauerbraten.tlog\link.write.1.tlog
e:\github\sauerbraten\src\vcpp\debug\sauerbraten.tlog\rc.command.1.tlog
e:\github\sauerbraten\src\vcpp\debug\sauerbraten.tlog\rc.read.1.tlog
e:\github\sauerbraten\src\vcpp\debug\sauerbraten.tlog\rc.write.1.tlog
