e:\github\sauerbraten\src\rpggame\debug\engine.pch
e:\github\sauerbraten\src\rpggame\debug\vc140.pdb
e:\github\sauerbraten\src\rpggame\debug\pch1.obj
e:\github\sauerbraten\src\rpggame\debug\cube.pch
e:\github\sauerbraten\src\rpggame\debug\pch.obj
e:\github\sauerbraten\src\rpggame\debug\rpg.pch
e:\github\sauerbraten\src\rpggame\debug\pch2.obj
e:\github\sauerbraten\src\rpggame\debug\glare.obj
e:\github\sauerbraten\src\rpggame\debug\dynlight.obj
e:\github\sauerbraten\src\rpggame\debug\decal.obj
e:\github\sauerbraten\src\rpggame\debug\blob.obj
e:\github\sauerbraten\src\rpggame\debug\bih.obj
e:\github\sauerbraten\src\rpggame\debug\3dgui.obj
e:\github\sauerbraten\src\rpggame\debug\serverbrowser.obj
e:\github\sauerbraten\src\rpggame\debug\server.obj
e:\github\sauerbraten\src\rpggame\debug\client.obj
e:\github\sauerbraten\src\rpggame\debug\worldio.obj
e:\github\sauerbraten\src\rpggame\debug\world.obj
e:\github\sauerbraten\src\rpggame\debug\pvs.obj
e:\github\sauerbraten\src\rpggame\debug\physics.obj
e:\github\sauerbraten\src\rpggame\debug\octarender.obj
e:\github\sauerbraten\src\rpggame\debug\octaedit.obj
e:\github\sauerbraten\src\rpggame\debug\octa.obj
e:\github\sauerbraten\src\rpggame\debug\normal.obj
e:\github\sauerbraten\src\rpggame\debug\lightmap.obj
e:\github\sauerbraten\src\rpggame\debug\cubeloader.obj
e:\github\sauerbraten\src\rpggame\debug\blend.obj
e:\github\sauerbraten\src\rpggame\debug\sound.obj
e:\github\sauerbraten\src\rpggame\debug\movie.obj
e:\github\sauerbraten\src\rpggame\debug\menus.obj
e:\github\sauerbraten\src\rpggame\debug\main.obj
e:\github\sauerbraten\src\rpggame\debug\console.obj
e:\github\sauerbraten\src\rpggame\debug\command.obj
e:\github\sauerbraten\src\rpggame\debug\water.obj
e:\github\sauerbraten\src\rpggame\debug\texture.obj
e:\github\sauerbraten\src\rpggame\debug\shadowmap.obj
e:\github\sauerbraten\src\rpggame\debug\shader.obj
e:\github\sauerbraten\src\rpggame\debug\renderva.obj
e:\github\sauerbraten\src\rpggame\debug\rendertext.obj
e:\github\sauerbraten\src\rpggame\debug\rendersky.obj
e:\github\sauerbraten\src\rpggame\debug\renderparticles.obj
e:\github\sauerbraten\src\rpggame\debug\rendermodel.obj
e:\github\sauerbraten\src\rpggame\debug\rendergl.obj
e:\github\sauerbraten\src\rpggame\debug\material.obj
e:\github\sauerbraten\src\rpggame\debug\grass.obj
e:\github\sauerbraten\src\rpggame\debug\zip.obj
e:\github\sauerbraten\src\rpggame\debug\tools.obj
e:\github\sauerbraten\src\rpggame\debug\stream.obj
e:\github\sauerbraten\src\rpggame\debug\glemu.obj
e:\github\sauerbraten\src\rpggame\debug\geom.obj
e:\github\sauerbraten\src\rpggame\debug\crypto.obj
e:\github\sauerbraten\src\rpggame\debug\rpg.obj
e:\github\sauerbraten\src\rpggame\debug\objset.obj
e:\github\sauerbraten\src\rpggame\debug\ent.obj
e:\github\sauerbraten\src\rpggame\debug\entities1.obj
e:\github\sauerbraten\bin\rpg_debug.ilk
e:\github\sauerbraten\bin\rpg_debug.exe
e:\github\sauerbraten\bin\rpg_debug.pdb
e:\github\sauerbraten\src\rpggame\debug\sauerbraten.res
e:\github\sauerbraten\src\rpggame\..\..\bin\rpg_debug.exe
e:\github\sauerbraten\src\rpggame\debug\rpg.tlog\cl.command.1.tlog
e:\github\sauerbraten\src\rpggame\debug\rpg.tlog\cl.read.1.tlog
e:\github\sauerbraten\src\rpggame\debug\rpg.tlog\cl.write.1.tlog
e:\github\sauerbraten\src\rpggame\debug\rpg.tlog\link.command.1.tlog
e:\github\sauerbraten\src\rpggame\debug\rpg.tlog\link.read.1.tlog
e:\github\sauerbraten\src\rpggame\debug\rpg.tlog\link.write.1.tlog
e:\github\sauerbraten\src\rpggame\debug\rpg.tlog\rc.command.1.tlog
e:\github\sauerbraten\src\rpggame\debug\rpg.tlog\rc.read.1.tlog
e:\github\sauerbraten\src\rpggame\debug\rpg.tlog\rc.write.1.tlog
